\BOOKMARK [1][-]{section.1}{Analisi Etnografica}{}% 1
\BOOKMARK [2][-]{subsection.1.1}{Segmentazione del Target}{section.1}% 2
\BOOKMARK [3][-]{subsubsection.1.1.1}{Segmentazione Demografica}{subsection.1.1}% 3
\BOOKMARK [3][-]{subsubsection.1.1.2}{Segmentazione Psicografica}{subsection.1.1}% 4
\BOOKMARK [2][-]{subsection.1.2}{User Research}{section.1}% 5
\BOOKMARK [3][-]{subsubsection.1.2.1}{Market Research}{subsection.1.2}% 6
\BOOKMARK [3][-]{subsubsection.1.2.2}{Contextual Inquiry}{subsection.1.2}% 7
\BOOKMARK [3][-]{subsubsection.1.2.3}{Task Analisys}{subsection.1.2}% 8
\BOOKMARK [1][-]{section.2}{Valutazione di sistemi esistenti}{}% 9
\BOOKMARK [2][-]{subsection.2.1}{Expert Usability Review}{section.2}% 10
\BOOKMARK [3][-]{subsubsection.2.1.1}{Le linee guida utilizzate}{subsection.2.1}% 11
\BOOKMARK [3][-]{subsubsection.2.1.2}{Analisi delle applicazioni}{subsection.2.1}% 12
\BOOKMARK [2][-]{subsection.2.2}{User Testing}{section.2}% 13
\BOOKMARK [1][-]{section.3}{Studio di fattibilit\340}{}% 14
\BOOKMARK [2][-]{subsection.3.1}{Contesto d'uso}{section.3}% 15
\BOOKMARK [3][-]{subsubsection.3.1.1}{Target d'utenza}{subsection.3.1}% 16
\BOOKMARK [3][-]{subsubsection.3.1.2}{Task}{subsection.3.1}% 17
\BOOKMARK [3][-]{subsubsection.3.1.3}{Vincoli tecnici ed ambientali}{subsection.3.1}% 18
\BOOKMARK [2][-]{subsection.3.2}{Personas}{section.3}% 19
\BOOKMARK [2][-]{subsection.3.3}{Scenari d'uso}{section.3}% 20
\BOOKMARK [1][-]{section.4}{Proposta di intervento}{}% 21
\BOOKMARK [2][-]{subsection.4.1}{Introduzione}{section.4}% 22
\BOOKMARK [2][-]{subsection.4.2}{Scelte implementative}{section.4}% 23
\BOOKMARK [2][-]{subsection.4.3}{Gamification}{section.4}% 24
\BOOKMARK [2][-]{subsection.4.4}{Architettura delle informazioni}{section.4}% 25
\BOOKMARK [2][-]{subsection.4.5}{Design}{section.4}% 26
\BOOKMARK [2][-]{subsection.4.6}{Architettura delle informazioni}{section.4}% 27
\BOOKMARK [2][-]{subsection.4.7}{Design dell'interazione}{section.4}% 28
\BOOKMARK [2][-]{subsection.4.8}{Prototipo dell'interfaccia}{section.4}% 29
